<?xml version="1.0" encoding="UTF-8"?>
<!-- Generated by org.testng.reporters.JUnitXMLReporter -->
<testsuite hostname="Jasmin" ignored="2" name="Surefire test" tests="3" failures="0" timestamp="11 Apr 2018 12:55:25 GMT" time="1.36" errors="0">
  <testcase name="echoToday" time="0.256" classname="TempConvert.SampleJavaIT"/>
  <testcase name="sayHello" time="0.111" classname="TempConvert.SampleJavaIT"/>
  <testcase name="sampleXml" time="0.675" classname="TempConvert.SampleXmlIT"/>
  <testcase name="@AfterSuite afterSuite" time="0.0" classname="com.consol.citrus.testng.AbstractTestNGCitrusTest">
    <ignored/>
  </testcase> <!-- @AfterSuite afterSuite -->
  <testcase name="@BeforeSuite beforeSuite" time="0.0" classname="com.consol.citrus.testng.AbstractTestNGCitrusTest">
    <ignored/>
  </testcase> <!-- @BeforeSuite beforeSuite -->
</testsuite> <!-- Surefire test -->
