<?xml version="1.0" encoding="UTF-8"?>
<!-- Generated by org.testng.reporters.JUnitXMLReporter -->
<testsuite hostname="Jasmin" ignored="2" name="Surefire test" tests="3" failures="0" timestamp="10 Apr 2018 16:54:38 GMT" time="0.955" errors="0">
  <testcase name="echoToday" time="0.372" classname="TempConvert.SampleJavaIT"/>
  <testcase name="sayHello" time="0.108" classname="TempConvert.SampleJavaIT"/>
  <testcase name="sampleXml" time="0.396" classname="TempConvert.SampleXmlIT"/>
  <testcase name="@AfterSuite afterSuite" time="0.0" classname="com.consol.citrus.testng.AbstractTestNGCitrusTest">
    <ignored/>
  </testcase> <!-- @AfterSuite afterSuite -->
  <testcase name="@BeforeSuite beforeSuite" time="0.0" classname="com.consol.citrus.testng.AbstractTestNGCitrusTest">
    <ignored/>
  </testcase> <!-- @BeforeSuite beforeSuite -->
</testsuite> <!-- Surefire test -->
